detox[94340] TRACE: [DETOX_CREATE] created a Detox instance with config:
{
  appsConfig: {
    default: {
      type: 'android.apk',
      binaryPath: 'android/app/build/outputs/apk/staging/release/app-staging-release.apk',
      build: 'cd android && ./gradlew assembleStagingRelease assembleAndroidTest -DtestBuildType=release && cd ..'
    }
  },
  artifactsConfig: {
    rootDir: 'artifacts/android.sim.release.2021-11-25 19-50-50Z',
    plugins: {
      log: {
        enabled: true,
        keepOnlyFailedTestsArtifacts: false
      },
      screenshot: {
        enabled: true,
        shouldTakeAutomaticSnapshots: true,
        keepOnlyFailedTestsArtifacts: true
      },
      video: {
        enabled: true,
        keepOnlyFailedTestsArtifacts: true
      },
      instruments: {
        enabled: false,
        keepOnlyFailedTestsArtifacts: false
      },
      timeline: {
        enabled: false
      },
      uiHierarchy: {
        enabled: false,
        keepOnlyFailedTestsArtifacts: false
      }
    },
    pathBuilder: ArtifactPathBuilder {
      _rootDir: 'artifacts/android.sim.release.2021-11-25 19-50-50Z'
    }
  },
  behaviorConfig: {
    init: {
      reinstallApp: true,
      exposeGlobals: true
    },
    cleanup: {
      shutdownDevice: false
    },
    launchApp: 'auto'
  },
  cliConfig: {
    recordLogs: 'all',
    takeScreenshots: 'failing',
    recordVideos: 'failing',
    configuration: 'android.sim.release',
    debugSynchronization: 500,
    useCustomLogger: true
  },
  configurationName: 'android.sim.release',
  deviceConfig: {
    type: 'android.emulator',
    device: {
      avdName: 'Pixel_4_API_29'
    }
  },
  runnerConfig: {
    testRunner: 'jest',
    runnerConfig: 'e2e/config.json',
    specs: 'e2e',
    skipLegacyWorkersInjection: false
  },
  sessionConfig: {
    autoStart: true,
    server: 'ws://localhost:63096',
    sessionId: '08dac924-6ad2-83c0-cc21-189b790a2431',
    debugSynchronization: 500
  }
}
detox[94340] DEBUG: [WSS_CREATE] Detox server listening on localhost:63096...
detox[94340] DEBUG: [WSS_CONNECTION, #63097] registered a new connection.
detox[94340] TRACE: [WS_OPEN] opened web socket to: ws://localhost:63096
detox[94340] TRACE: [WS_SEND] {"type":"login","params":{"sessionId":"08dac924-6ad2-83c0-cc21-189b790a2431","role":"tester"},"messageId":0}
detox[94340] TRACE: [WSS_GET_FROM, #63097] {"type":"login","params":{"sessionId":"08dac924-6ad2-83c0-cc21-189b790a2431","role":"tester"},"messageId":0}
detox[94340] TRACE: [SESSION_CREATED] created session 08dac924-6ad2-83c0-cc21-189b790a2431
detox[94340] TRACE: [WSS_SEND_TO, #tester] {"type":"loginSuccess","params":{"testerConnected":true,"appConnected":false},"messageId":0}
detox[94340] TRACE: [SESSION_JOINED] tester joined session 08dac924-6ad2-83c0-cc21-189b790a2431
detox[94340] TRACE: [WS_MESSAGE] {"type":"loginSuccess","params":{"testerConnected":true,"appConnected":false},"messageId":0}
 
detox[94340] DEBUG: [EXEC_CMD, #0] "/Users/tsyirvo/Library/Android/sdk/emulator/emulator" -list-avds --verbose
detox[94340] TRACE: [EXEC_SUCCESS, #0] Galaxy_Nexus_API_26
Nexus_S_API_28
Pixel_4_API_29

detox[94340] DEBUG: [EXEC_CMD, #1] "/Users/tsyirvo/Library/Android/sdk/emulator/emulator" -version 
detox[94340] TRACE: [EXEC_SUCCESS, #1] Android emulator version 30.9.5.0 (build_id 7820599) (CL:N/A)
Copyright (C) 2006-2017 The Android Open Source Project and many others.
This program is a derivative of the QEMU CPU emulator (www.qemu.org).

  This software is licensed under the terms of the GNU General Public
  License version 2, as published by the Free Software Foundation, and
  may be copied, distributed, and modified under those terms.

  This program is distributed in the hope that it will be useful,
  but WITHOUT ANY WARRANTY; without even the implied warranty of
  MERCHANTABILITY or FITNESS FOR A PARTICULAR PURPOSE.  See the
  GNU General Public License for more details.


detox[94340] DEBUG: [EMU_BIN_VERSION_DETECT] Detected emulator binary version { major: 30, minor: 9, patch: 5, toString: [Function: toString] }
detox[94340] DEBUG: [ALLOCATE_DEVICE] Trying to allocate a device based on "Pixel_4_API_29"
detox[94340] DEBUG: [EXEC_CMD, #2] "/Users/tsyirvo/Library/Android/sdk/platform-tools/adb"  devices
detox[94340] DEBUG: [EXEC_SUCCESS, #2] List of devices attached
emulator-5554	device


detox[94340] TRACE: [TELNET_CONNECTING] port: 5554, host: localhost
detox[94340] DEBUG: [DEVICE_LOOKUP] Found a matching & free device emulator-5554
detox[94340] DEBUG: [ALLOCATE_DEVICE] Settled on emulator-5554
detox[94340] DEBUG: [EXEC_CMD, #3] "/Users/tsyirvo/Library/Android/sdk/platform-tools/adb" -s emulator-5554 shell "getprop dev.bootcomplete"
detox[94340] TRACE: [EXEC_SUCCESS, #3] 1

detox[94340] TRACE: [ARTIFACTS_LIFECYCLE] artifactsManager.onBootDevice({ deviceId: 'emulator-5554', type: 'Pixel_4_API_29', coldBoot: false })
detox[94340] DEBUG: [EXEC_CMD, #4] "/Users/tsyirvo/Library/Android/sdk/platform-tools/adb" -s emulator-5554 shell "getprop ro.build.version.sdk"
detox[94340] TRACE: [EXEC_SUCCESS, #4] 29

detox[94340] DEBUG: [EXEC_CMD, #5] "/Users/tsyirvo/Library/Android/sdk/platform-tools/adb" -s emulator-5554 shell "settings put global animator_duration_scale 0"
detox[94340] TRACE: [EXEC_SUCCESS, #5] 
detox[94340] DEBUG: [EXEC_CMD, #6] "/Users/tsyirvo/Library/Android/sdk/platform-tools/adb" -s emulator-5554 shell "settings put global window_animation_scale 0"
detox[94340] TRACE: [EXEC_SUCCESS, #6] 
detox[94340] DEBUG: [EXEC_CMD, #7] "/Users/tsyirvo/Library/Android/sdk/platform-tools/adb" -s emulator-5554 shell "settings put global transition_animation_scale 0"
detox[94340] TRACE: [EXEC_SUCCESS, #7] 
detox[94340] DEBUG: [EXEC_CMD, #8] "/Users/tsyirvo/Library/Android/sdk/platform-tools/adb" -s emulator-5554 shell "dumpsys power | grep \"^[ ]*m[UW].*=\""
detox[94340] TRACE: [EXEC_SUCCESS, #8]   mWakefulness=Awake
  mWakefulnessChanging=false
  mWakeLockSummary=0x0
  mUserActivitySummary=0x1
  mWakeUpWhenPluggedOrUnpluggedConfig=false
  mWakeUpWhenPluggedOrUnpluggedInTheaterModeConfig=false
  mUserActivityTimeoutOverrideFromWindowManager=-1
  mUserInactiveOverrideFromWindowManager=false

detox[94340] DEBUG: [EXEC_CMD, #9] "/Users/tsyirvo/Library/Android/sdk/build-tools/30.0.3/aapt" dump badging "/Users/tsyirvo/Projects/personal/react-native-starter/android/app/build/outputs/apk/staging/release/app-staging-release.apk" | grep -e "package: name="
detox[94340] TRACE: [EXEC_SUCCESS, #9] package: name='ninja.gab.rnStarter.staging' versionCode='26819354' versionName='1.1.0' compileSdkVersion='30' compileSdkVersionCodename='11'

detox[94340] TRACE: [ARTIFACTS_LIFECYCLE] artifactsManager.onBeforeTerminateApp({ deviceId: 'emulator-5554', bundleId: 'ninja.gab.rnStarter.staging' })
detox[94340] DEBUG: [EXEC_CMD, #10] "/Users/tsyirvo/Library/Android/sdk/platform-tools/adb" -s emulator-5554 shell "am force-stop ninja.gab.rnStarter.staging"
detox[94340] TRACE: [EXEC_SUCCESS, #10] 
detox[94340] TRACE: [ARTIFACTS_LIFECYCLE] artifactsManager.onTerminateApp({ deviceId: 'emulator-5554', bundleId: 'ninja.gab.rnStarter.staging' })
detox[94340] TRACE: [ARTIFACTS_LIFECYCLE] artifactsManager.onBeforeUninstallApp({ deviceId: 'emulator-5554', bundleId: 'ninja.gab.rnStarter.staging' })
detox[94340] DEBUG: [EXEC_CMD, #11] "/Users/tsyirvo/Library/Android/sdk/platform-tools/adb" -s emulator-5554 shell "pm list packages ninja.gab.rnStarter.staging"
detox[94340] TRACE: [EXEC_SUCCESS, #11] package:ninja.gab.rnStarter.staging
package:ninja.gab.rnStarter.staging.test

detox[94340] DEBUG: [EXEC_CMD, #12] "/Users/tsyirvo/Library/Android/sdk/platform-tools/adb" -s emulator-5554 uninstall ninja.gab.rnStarter.staging
detox[94340] TRACE: [EXEC_SUCCESS, #12] Success

detox[94340] DEBUG: [EXEC_CMD, #13] "/Users/tsyirvo/Library/Android/sdk/platform-tools/adb" -s emulator-5554 shell "pm list packages ninja.gab.rnStarter.staging.test"
detox[94340] TRACE: [EXEC_SUCCESS, #13] package:ninja.gab.rnStarter.staging.test

detox[94340] DEBUG: [EXEC_CMD, #14] "/Users/tsyirvo/Library/Android/sdk/platform-tools/adb" -s emulator-5554 uninstall ninja.gab.rnStarter.staging.test
detox[94340] TRACE: [EXEC_SUCCESS, #14] Success

detox[94340] DEBUG: [EXEC_CMD, #15] "/Users/tsyirvo/Library/Android/sdk/platform-tools/adb" -s emulator-5554 shell "rm -fr /data/local/tmp/detox"
detox[94340] TRACE: [EXEC_SUCCESS, #15] 
detox[94340] DEBUG: [EXEC_CMD, #16] "/Users/tsyirvo/Library/Android/sdk/platform-tools/adb" -s emulator-5554 shell "mkdir -p /data/local/tmp/detox"
detox[94340] TRACE: [EXEC_SUCCESS, #16] 
detox[94340] DEBUG: [EXEC_CMD, #17] "/Users/tsyirvo/Library/Android/sdk/platform-tools/adb" -s emulator-5554 push "/Users/tsyirvo/Projects/personal/react-native-starter/android/app/build/outputs/apk/staging/release/app-staging-release.apk" "/data/local/tmp/detox/Application.apk"
detox[94340] TRACE: [EXEC_SUCCESS, #17] /Users/tsyirvo/Projects/personal/react-native-starter/android/app/build/outputs/apk/staging/release/app-staging-release.apk: 1 file pushed, 0 skipped. 269.8 MB/s (27659751 bytes in 0.098s)

detox[94340] DEBUG: [EXEC_CMD, #18] "/Users/tsyirvo/Library/Android/sdk/platform-tools/adb" -s emulator-5554 shell "pm install -r -g -t /data/local/tmp/detox/Application.apk"
detox[94340] TRACE: [EXEC_SUCCESS, #18] Success

detox[94340] DEBUG: [EXEC_CMD, #19] "/Users/tsyirvo/Library/Android/sdk/platform-tools/adb" -s emulator-5554 push "/Users/tsyirvo/Projects/personal/react-native-starter/android/app/build/outputs/apk/androidTest/staging/release/app-staging-release-androidTest.apk" "/data/local/tmp/detox/Test.apk"
detox[94340] TRACE: [EXEC_SUCCESS, #19] /Users/tsyirvo/Projects/personal/react-native-starter/android/app/build/outputs/apk/androidTest/staging/release/app-staging-release-androidTest.apk: 1 file pushed, 0 skipped. 350.0 MB/s (1855495 bytes in 0.005s)

detox[94340] DEBUG: [EXEC_CMD, #20] "/Users/tsyirvo/Library/Android/sdk/platform-tools/adb" -s emulator-5554 shell "pm install -r -g -t /data/local/tmp/detox/Test.apk"
detox[94340] TRACE: [EXEC_SUCCESS, #20] Success

ROOT_DESCRIBE_BLOCK[94340] TRACE: [ARTIFACTS_LIFECYCLE] artifactsManager.onRunDescribeStart({ name: 'ROOT_DESCRIBE_BLOCK' })
Basic test[94340] TRACE: [ARTIFACTS_LIFECYCLE] artifactsManager.onRunDescribeStart({ name: 'Basic test' })
detox[94340] INFO:  [97mBasic test[39m is assigned to [94memulator-5554 (Pixel_4_API_29)[39m
detox[94340] TRACE: [ARTIFACTS_LIFECYCLE] artifactsManager.onBeforeTerminateApp({ deviceId: 'emulator-5554', bundleId: 'ninja.gab.rnStarter.staging' })
detox[94340] DEBUG: [EXEC_CMD, #21] "/Users/tsyirvo/Library/Android/sdk/platform-tools/adb" -s emulator-5554 shell "am force-stop ninja.gab.rnStarter.staging"
detox[94340] TRACE: [EXEC_SUCCESS, #21] 
detox[94340] TRACE: [ARTIFACTS_LIFECYCLE] artifactsManager.onTerminateApp({ deviceId: 'emulator-5554', bundleId: 'ninja.gab.rnStarter.staging' })
detox[94340] TRACE: [ARTIFACTS_LIFECYCLE] artifactsManager.onBeforeLaunchApp({
  deviceId: 'emulator-5554',
  bundleId: 'ninja.gab.rnStarter.staging',
  launchArgs: {
    detoxServer: 'ws://localhost:63096',
    detoxSessionId: '08dac924-6ad2-83c0-cc21-189b790a2431'
  }
})
detox[94340] DEBUG: [EXEC_CMD, #22] "/Users/tsyirvo/Library/Android/sdk/platform-tools/adb" -s emulator-5554 shell "date +\"%m-%d %T.000\""
detox[94340] TRACE: [EXEC_SUCCESS, #22] 11-25 20:50:54.000

detox[94340] DEBUG: [EXEC_CMD, #23] "/Users/tsyirvo/Library/Android/sdk/platform-tools/adb" -s emulator-5554 reverse tcp:63096 tcp:63096
detox[94340] TRACE: [EXEC_SUCCESS, #23] 63096

detox[94340] DEBUG: [EXEC_CMD, #24] "/Users/tsyirvo/Library/Android/sdk/platform-tools/adb" -s emulator-5554 shell "pm list instrumentation"
detox[94340] TRACE: [EXEC_SUCCESS, #24] instrumentation:ninja.gab.rnStarter.staging.test/androidx.test.runner.AndroidJUnitRunner (target=ninja.gab.rnStarter.staging)

detox[94340] DEBUG: [SPAWN_CMD, #94400] /Users/tsyirvo/Library/Android/sdk/platform-tools/adb -s emulator-5554 shell am instrument -w -r -e detoxServer ws://localhost:63096 -e detoxSessionId 08dac924-6ad2-83c0-cc21-189b790a2431 -e debug false ninja.gab.rnStarter.staging.test/androidx.test.runner.AndroidJUnitRunner
detox[94340] DEBUG: [EXEC_CMD, #25] "/Users/tsyirvo/Library/Android/sdk/platform-tools/adb" -s emulator-5554 shell "ps | grep \"ninja\.gab\.rnStarter\.staging$\""
detox[94340] TRACE: [EXEC_SUCCESS, #25] u0_a148      24123  1776 1876988 112528 0                   0 S ninja.gab.rnStarter.staging

detox[24123] TRACE: [ARTIFACTS_LIFECYCLE] artifactsManager.onLaunchApp({
  deviceId: 'emulator-5554',
  bundleId: 'ninja.gab.rnStarter.staging',
  launchArgs: {
    detoxServer: 'ws://localhost:63096',
    detoxSessionId: '08dac924-6ad2-83c0-cc21-189b790a2431'
  },
  pid: 24123
})
detox[94340] TRACE: [ARTIFACT_START] starting ADBLogcatRecording
detox[94340] DEBUG: [SPAWN_CMD, #94402] /Users/tsyirvo/Library/Android/sdk/platform-tools/adb -s emulator-5554 shell "logcat -T \"11-25 20:50:54.000\" --pid=24123 -f /sdcard/205051738_0.log"
detox[94340] TRACE: [SPAWN_STDOUT, #94400] INSTRUMENTATION_STATUS: class=ninja.gab.rnStarter.DetoxTest
INSTRUMENTATION_STATUS: current=1
INSTRUMENTATION_STATUS: id=AndroidJUnitRunner
INSTRUMENTATION_STATUS: numtests=1
INSTRUMENTATION_STATUS: stream=
ninja.gab.rnStarter.DetoxTest:
INSTRUMENTATION_STATUS: test=runDetoxTests
INSTRUMENTATION_STATUS_CODE: 1

detox[94340] DEBUG: [WSS_CONNECTION, #63191] registered a new connection.
detox[94340] DEBUG: [EXEC_CMD, #26] "/Users/tsyirvo/Library/Android/sdk/platform-tools/adb" -s emulator-5554 shell du /sdcard/205051738_0.log
detox[94340] TRACE: [WSS_GET_FROM, #63191] {"messageId":0,"type":"login","params":{"role":"app","sessionId":"08dac924-6ad2-83c0-cc21-189b790a2431"}}
detox[94340] TRACE: [WSS_SEND_TO, #app] {"messageId":0,"type":"loginSuccess","params":{"testerConnected":true,"appConnected":true}}
detox[94340] TRACE: [SESSION_JOINED] app joined session 08dac924-6ad2-83c0-cc21-189b790a2431
detox[94340] TRACE: [WSS_SEND_TO, #tester] {"type":"appConnected"}
detox[94340] TRACE: [WS_MESSAGE] {"type":"appConnected"}
 
detox[94340] TRACE: [WS_SEND] {"type":"isReady","params":{},"messageId":-1000}
detox[94340] TRACE: [WSS_GET_FROM, #tester] {"type":"isReady","params":{},"messageId":-1000}
detox[94340] TRACE: [WSS_SEND_TO, #app] {"type":"isReady","params":{},"messageId":-1000}
detox[94340] TRACE: [EXEC_SUCCESS, #26] 40	/sdcard/205051738_0.log

detox[94340] TRACE: [WS_SEND] {"type":"currentStatus","params":{},"messageId":1}
detox[94340] TRACE: [WSS_GET_FROM, #tester] {"type":"currentStatus","params":{},"messageId":1}
detox[94340] TRACE: [WSS_SEND_TO, #app] {"type":"currentStatus","params":{},"messageId":1}
detox[94340] TRACE: [WSS_GET_FROM, #app] {"messageId":1,"type":"currentStatusResult","params":{"status":"App synchronization debug: \nThe app is busy, due to: \n\t - Animations running on screen"}}
detox[94340] TRACE: [WSS_SEND_TO, #tester] {"messageId":1,"type":"currentStatusResult","params":{"status":"App synchronization debug: \nThe app is busy, due to: \n\t - Animations running on screen"}}
detox[94340] TRACE: [WS_MESSAGE] {"messageId":1,"type":"currentStatusResult","params":{"status":"App synchronization debug: \nThe app is busy, due to: \n\t - Animations running on screen"}}
 
detox[94340] INFO:  [APP_STATUS] App synchronization debug: 
The app is busy, due to: 
	 - Animations running on screen
detox[94340] TRACE: [WSS_GET_FROM, #app] {"messageId":-1000,"type":"ready","params":{}}
detox[94340] TRACE: [WSS_SEND_TO, #tester] {"messageId":-1000,"type":"ready","params":{}}
detox[94340] TRACE: [WSS_GET_FROM, #app] {"messageId":-1000,"type":"ready","params":{}}
detox[94340] TRACE: [WSS_SEND_TO, #tester] {"messageId":-1000,"type":"ready","params":{}}
detox[94340] TRACE: [WS_MESSAGE] {"messageId":-1000,"type":"ready","params":{}}
 
detox[94340] TRACE: [WS_MESSAGE] {"messageId":-1000,"type":"ready","params":{}}
 
detox[24123] TRACE: [ARTIFACTS_LIFECYCLE] artifactsManager.onAppReady({
  deviceId: 'emulator-5554',
  bundleId: 'ninja.gab.rnStarter.staging',
  pid: 24123
})
detox[94340] TRACE: [WS_SEND] {"type":"reactNativeReload","params":{},"messageId":-1000}
detox[94340] TRACE: [WSS_GET_FROM, #tester] {"type":"reactNativeReload","params":{},"messageId":-1000}
detox[94340] TRACE: [WSS_SEND_TO, #app] {"type":"reactNativeReload","params":{},"messageId":-1000}
detox[94340] TRACE: [WSS_GET_FROM, #app] {"messageId":-1000,"type":"ready","params":{}}
detox[94340] TRACE: [WSS_SEND_TO, #tester] {"messageId":-1000,"type":"ready","params":{}}
detox[94340] TRACE: [WS_MESSAGE] {"messageId":-1000,"type":"ready","params":{}}
 
detox[94340] INFO:  [1m[37mBasic test: [39m[22m[90mshould have home welcome text[39m
detox[94340] TRACE: [DETOX_BEFORE_EACH] running test: "Basic test should have home welcome text"
detox[94340] TRACE: [ARTIFACTS_LIFECYCLE] artifactsManager.onTestStart({
  title: 'should have home welcome text',
  fullName: 'Basic test should have home welcome text',
  status: 'running',
  invocations: 1
})
detox[94340] TRACE: [ARTIFACT_STOP] stopping ADBLogcatRecording
detox[94340] TRACE: [ARTIFACT_START] starting ADBScreencapRecording
detox[94340] DEBUG: [EXEC_CMD, #27] "/Users/tsyirvo/Library/Android/sdk/platform-tools/adb" -s emulator-5554 shell "screencap /sdcard/205051738_1.png"
detox[94340] TRACE: [ARTIFACT_START] starting ADBVideoRecording
detox[94340] DEBUG: [SPAWN_CMD, #94405] /Users/tsyirvo/Library/Android/sdk/platform-tools/adb -s emulator-5554 shell screenrecord /sdcard/205051738_2.mp4
detox[94340] DEBUG: [EXEC_CMD, #28] "/Users/tsyirvo/Library/Android/sdk/platform-tools/adb" -s emulator-5554 shell "date +\"%m-%d %T.000\""
detox[94340] TRACE: [EXEC_SUCCESS, #28] 11-25 20:50:55.000

detox[94340] TRACE: [SPAWN_KILL, #94402] sending SIGINT to: /Users/tsyirvo/Library/Android/sdk/platform-tools/adb -s emulator-5554 shell logcat -T "11-25 20:50:54.000" --pid=24123 -f /sdcard/205051738_0.log
detox[94340] DEBUG: [SPAWN_END, #94402] /Users/tsyirvo/Library/Android/sdk/platform-tools/adb -s emulator-5554 shell "logcat -T \"11-25 20:50:54.000\" --pid=24123 -f /sdcard/205051738_0.log" terminated with SIGINT
detox[94340] TRACE: [ARTIFACT_START] starting ADBLogcatRecording
detox[94340] DEBUG: [SPAWN_CMD, #94407] /Users/tsyirvo/Library/Android/sdk/platform-tools/adb -s emulator-5554 shell "logcat -T \"11-25 20:50:55.000\" --pid=24123 -f /sdcard/205051738_3.log"
detox[94340] TRACE: [EXEC_SUCCESS, #27] 
detox[94340] TRACE: [ARTIFACT_STOP] stopping ADBScreencapRecording
detox[94340] DEBUG: [EXEC_CMD, #29] "/Users/tsyirvo/Library/Android/sdk/platform-tools/adb" -s emulator-5554 shell du /sdcard/205051738_2.mp4
detox[94340] TRACE: [EXEC_SUCCESS, #29] 108	/sdcard/205051738_2.mp4

detox[94340] TRACE: [WS_SEND] {"type":"invoke","params":{"target":{"type":"Class","value":"com.wix.detox.espresso.DetoxAssertion"},"method":"assertMatcher","args":[{"type":"Invocation","value":{"target":{"type":"Class","value":"androidx.test.espresso.Espresso"},"method":"onView","args":[{"type":"Invocation","value":{"target":{"type":"Class","value":"com.wix.detox.espresso.DetoxMatcher"},"method":"matcherForTestId","args":["home_title"]}}]}},{"type":"Invocation","value":{"target":{"type":"Class","value":"com.wix.detox.espresso.DetoxMatcher"},"method":"matcherForSufficientlyVisible","args":[{"type":"Integer","value":75}]}}]},"messageId":2}
detox[94340] TRACE: [WSS_GET_FROM, #tester] {"type":"invoke","params":{"target":{"type":"Class","value":"com.wix.detox.espresso.DetoxAssertion"},"method":"assertMatcher","args":[{"type":"Invocation","value":{"target":{"type":"Class","value":"androidx.test.espresso.Espresso"},"method":"onView","args":[{"type":"Invocation","value":{"target":{"type":"Class","value":"com.wix.detox.espresso.DetoxMatcher"},"method":"matcherForTestId","args":["home_title"]}}]}},{"type":"Invocation","value":{"target":{"type":"Class","value":"com.wix.detox.espresso.DetoxMatcher"},"method":"matcherForSufficientlyVisible","args":[{"type":"Integer","value":75}]}}]},"messageId":2}
detox[94340] TRACE: [WSS_SEND_TO, #app] {"type":"invoke","params":{"target":{"type":"Class","value":"com.wix.detox.espresso.DetoxAssertion"},"method":"assertMatcher","args":[{"type":"Invocation","value":{"target":{"type":"Class","value":"androidx.test.espresso.Espresso"},"method":"onView","args":[{"type":"Invocation","value":{"target":{"type":"Class","value":"com.wix.detox.espresso.DetoxMatcher"},"method":"matcherForTestId","args":["home_title"]}}]}},{"type":"Invocation","value":{"target":{"type":"Class","value":"com.wix.detox.espresso.DetoxMatcher"},"method":"matcherForSufficientlyVisible","args":[{"type":"Integer","value":75}]}}]},"messageId":2}
detox[94340] DEBUG: [EXEC_CMD, #30] "/Users/tsyirvo/Library/Android/sdk/platform-tools/adb" -s emulator-5554 shell du /sdcard/205051738_3.log
detox[94340] TRACE: [EXEC_SUCCESS, #30] 28	/sdcard/205051738_3.log

detox[94340] TRACE: [WSS_GET_FROM, #app] {"messageId":2,"type":"invokeResult","params":{"result":null}}
detox[94340] TRACE: [WSS_SEND_TO, #tester] {"messageId":2,"type":"invokeResult","params":{"result":null}}
detox[94340] TRACE: [WS_MESSAGE] {"messageId":2,"type":"invokeResult","params":{"result":null}}
 
detox[94340] TRACE: [DETOX_AFTER_EACH] passed test: "Basic test should have home welcome text"
detox[94340] TRACE: [ARTIFACTS_LIFECYCLE] artifactsManager.onTestDone({
  title: 'should have home welcome text',
  fullName: 'Basic test should have home welcome text',
  status: 'passed',
  invocations: 1,
  timedOut: false
})
detox[94340] TRACE: [ARTIFACT_STOP] stopping ADBLogcatRecording
detox[94340] TRACE: [ARTIFACT_STOP] stopping ADBVideoRecording
detox[94340] DEBUG: [EXEC_CMD, #31] "/Users/tsyirvo/Library/Android/sdk/platform-tools/adb" -s emulator-5554 shell "date +\"%m-%d %T.000\""
detox[94340] TRACE: [ARTIFACT_DISCARD] discarding ADBScreencapRecording
detox[94340] DEBUG: [EXEC_CMD, #32] "/Users/tsyirvo/Library/Android/sdk/platform-tools/adb" -s emulator-5554 shell "rm  \"/sdcard/205051738_1.png\""
detox[94340] TRACE: [SPAWN_KILL, #94405] sending SIGINT to: /Users/tsyirvo/Library/Android/sdk/platform-tools/adb -s emulator-5554 shell screenrecord /sdcard/205051738_2.mp4
detox[94340] DEBUG: [SPAWN_END, #94405] /Users/tsyirvo/Library/Android/sdk/platform-tools/adb -s emulator-5554 shell screenrecord /sdcard/205051738_2.mp4 terminated with SIGINT
detox[94340] TRACE: [EXEC_SUCCESS, #32] 
detox[94340] TRACE: [ARTIFACT_DISCARD] discarding ADBVideoRecording
detox[94340] TRACE: [EXEC_SUCCESS, #31] 11-25 20:50:56.000

detox[94340] TRACE: [SPAWN_KILL, #94407] sending SIGINT to: /Users/tsyirvo/Library/Android/sdk/platform-tools/adb -s emulator-5554 shell logcat -T "11-25 20:50:55.000" --pid=24123 -f /sdcard/205051738_3.log
detox[94340] DEBUG: [SPAWN_END, #94407] /Users/tsyirvo/Library/Android/sdk/platform-tools/adb -s emulator-5554 shell "logcat -T \"11-25 20:50:55.000\" --pid=24123 -f /sdcard/205051738_3.log" terminated with SIGINT
detox[94340] INFO:  [1m[37mBasic test: [39m[22m[90mshould have home welcome text[39m[90m [[32mOK[90m][39m
detox[94340] INFO:  [1m[37mBasic test: [39m[22m[90mshould show the other page after tap[39m
detox[94340] TRACE: [DETOX_BEFORE_EACH] running test: "Basic test should show the other page after tap"
detox[94340] TRACE: [ARTIFACTS_LIFECYCLE] artifactsManager.onTestStart({
  title: 'should show the other page after tap',
  fullName: 'Basic test should show the other page after tap',
  status: 'running',
  invocations: 1
})
detox[94340] TRACE: [ARTIFACT_START] starting ADBLogcatRecording
detox[94340] DEBUG: [SPAWN_CMD, #94412] /Users/tsyirvo/Library/Android/sdk/platform-tools/adb -s emulator-5554 shell "logcat -T \"11-25 20:50:56.000\" --pid=24123 -f /sdcard/205051738_4.log"
detox[94340] TRACE: [ARTIFACT_START] starting ADBScreencapRecording
detox[94340] DEBUG: [EXEC_CMD, #33] "/Users/tsyirvo/Library/Android/sdk/platform-tools/adb" -s emulator-5554 shell "screencap /sdcard/205051738_5.png"
detox[94340] TRACE: [ARTIFACT_START] starting ADBVideoRecording
detox[94340] DEBUG: [SPAWN_CMD, #94414] /Users/tsyirvo/Library/Android/sdk/platform-tools/adb -s emulator-5554 shell screenrecord /sdcard/205051738_6.mp4
detox[94340] DEBUG: [EXEC_CMD, #34] "/Users/tsyirvo/Library/Android/sdk/platform-tools/adb" -s emulator-5554 shell du /sdcard/205051738_4.log
detox[94340] DEBUG: [EXEC_CMD, #35] "/Users/tsyirvo/Library/Android/sdk/platform-tools/adb" -s emulator-5554 shell du /sdcard/205051738_6.mp4
detox[94340] TRACE: [EXEC_SUCCESS, #33] 
detox[94340] TRACE: [ARTIFACT_STOP] stopping ADBScreencapRecording
detox[94340] TRACE: [EXEC_SUCCESS, #34] 8	/sdcard/205051738_4.log

detox[94340] TRACE: [EXEC_SUCCESS, #35] 108	/sdcard/205051738_6.mp4

detox[94340] TRACE: [WS_SEND] {"type":"invoke","params":{"target":{"type":"Class","value":"com.wix.detox.espresso.EspressoDetox"},"method":"perform","args":[{"type":"Invocation","value":{"target":{"type":"Class","value":"androidx.test.espresso.Espresso"},"method":"onView","args":[{"type":"Invocation","value":{"target":{"type":"Class","value":"com.wix.detox.espresso.DetoxMatcher"},"method":"matcherForTestId","args":["goto_otherPage"]}}]}},{"type":"Invocation","value":{"target":{"type":"Class","value":"com.wix.detox.espresso.DetoxViewActions"},"method":"click","args":[]}}]},"messageId":3}
detox[94340] TRACE: [WSS_GET_FROM, #tester] {"type":"invoke","params":{"target":{"type":"Class","value":"com.wix.detox.espresso.EspressoDetox"},"method":"perform","args":[{"type":"Invocation","value":{"target":{"type":"Class","value":"androidx.test.espresso.Espresso"},"method":"onView","args":[{"type":"Invocation","value":{"target":{"type":"Class","value":"com.wix.detox.espresso.DetoxMatcher"},"method":"matcherForTestId","args":["goto_otherPage"]}}]}},{"type":"Invocation","value":{"target":{"type":"Class","value":"com.wix.detox.espresso.DetoxViewActions"},"method":"click","args":[]}}]},"messageId":3}
detox[94340] TRACE: [WSS_SEND_TO, #app] {"type":"invoke","params":{"target":{"type":"Class","value":"com.wix.detox.espresso.EspressoDetox"},"method":"perform","args":[{"type":"Invocation","value":{"target":{"type":"Class","value":"androidx.test.espresso.Espresso"},"method":"onView","args":[{"type":"Invocation","value":{"target":{"type":"Class","value":"com.wix.detox.espresso.DetoxMatcher"},"method":"matcherForTestId","args":["goto_otherPage"]}}]}},{"type":"Invocation","value":{"target":{"type":"Class","value":"com.wix.detox.espresso.DetoxViewActions"},"method":"click","args":[]}}]},"messageId":3}
detox[94340] DEBUG: [EXEC_CMD, #36] "/Users/tsyirvo/Library/Android/sdk/platform-tools/adb" -s emulator-5554 shell du /sdcard/205051738_2.mp4
detox[94340] TRACE: [EXEC_SUCCESS, #36] 308	/sdcard/205051738_2.mp4

detox[94340] DEBUG: [EXEC_CMD, #37] "/Users/tsyirvo/Library/Android/sdk/platform-tools/adb" -s emulator-5554 shell "rm  \"/sdcard/205051738_2.mp4\""
detox[94340] TRACE: [EXEC_SUCCESS, #37] 
detox[94340] TRACE: [ARTIFACT_SAVE] saving ADBLogcatRecording to: artifacts/android.sim.release.2021-11-25 19-50-50Z/✓ Basic test should have home welcome text/device.log
detox[94340] DEBUG: [EXEC_CMD, #38] "/Users/tsyirvo/Library/Android/sdk/platform-tools/adb" -s emulator-5554 pull "/sdcard/205051738_3.log" "artifacts/android.sim.release.2021-11-25 19-50-50Z/✓ Basic test should have home welcome text/device.log"
detox[94340] TRACE: [EXEC_SUCCESS, #38] /sdcard/205051738_3.log: 1 file pulled, 0 skipped. 13.1 MB/s (25754 bytes in 0.002s)

detox[94340] DEBUG: [EXEC_CMD, #39] "/Users/tsyirvo/Library/Android/sdk/platform-tools/adb" -s emulator-5554 shell "rm  \"/sdcard/205051738_3.log\""
detox[94340] TRACE: [EXEC_SUCCESS, #39] 
detox[94340] TRACE: [ARTIFACT_SAVE] saving ADBLogcatRecording to: artifacts/android.sim.release.2021-11-25 19-50-50Z/emulator-5554 2021-11-25 19-50-57Z.startup.log
detox[94340] DEBUG: [EXEC_CMD, #40] "/Users/tsyirvo/Library/Android/sdk/platform-tools/adb" -s emulator-5554 pull "/sdcard/205051738_0.log" "artifacts/android.sim.release.2021-11-25 19-50-50Z/emulator-5554 2021-11-25 19-50-57Z.startup.log"
detox[94340] TRACE: [EXEC_SUCCESS, #40] /sdcard/205051738_0.log: 1 file pulled, 0 skipped. 24.2 MB/s (57874 bytes in 0.002s)

detox[94340] DEBUG: [EXEC_CMD, #41] "/Users/tsyirvo/Library/Android/sdk/platform-tools/adb" -s emulator-5554 shell "rm  \"/sdcard/205051738_0.log\""
detox[94340] TRACE: [EXEC_SUCCESS, #41] 
detox[94340] TRACE: [WS_SEND] {"type":"currentStatus","params":{},"messageId":4}
detox[94340] TRACE: [WSS_GET_FROM, #tester] {"type":"currentStatus","params":{},"messageId":4}
detox[94340] TRACE: [WSS_SEND_TO, #app] {"type":"currentStatus","params":{},"messageId":4}
detox[94340] TRACE: [WSS_GET_FROM, #app] {"messageId":4,"type":"currentStatusResult","params":{"status":"App synchronization debug: \nThe app is busy, due to: \n\t - Animations running on screen"}}
detox[94340] TRACE: [WSS_SEND_TO, #tester] {"messageId":4,"type":"currentStatusResult","params":{"status":"App synchronization debug: \nThe app is busy, due to: \n\t - Animations running on screen"}}
detox[94340] TRACE: [WS_MESSAGE] {"messageId":4,"type":"currentStatusResult","params":{"status":"App synchronization debug: \nThe app is busy, due to: \n\t - Animations running on screen"}}
 
detox[94340] INFO:  [APP_STATUS] App synchronization debug: 
The app is busy, due to: 
	 - Animations running on screen
detox[94340] TRACE: [WSS_GET_FROM, #app] {"messageId":3,"type":"invokeResult","params":{"result":null}}
detox[94340] TRACE: [WSS_SEND_TO, #tester] {"messageId":3,"type":"invokeResult","params":{"result":null}}
detox[94340] TRACE: [WS_MESSAGE] {"messageId":3,"type":"invokeResult","params":{"result":null}}
 
detox[94340] TRACE: [WS_SEND] {"type":"invoke","params":{"target":{"type":"Class","value":"com.wix.detox.espresso.DetoxAssertion"},"method":"assertMatcher","args":[{"type":"Invocation","value":{"target":{"type":"Class","value":"androidx.test.espresso.Espresso"},"method":"onView","args":[{"type":"Invocation","value":{"target":{"type":"Class","value":"com.wix.detox.espresso.DetoxMatcher"},"method":"matcherForTestId","args":["otherPage_title"]}}]}},{"type":"Invocation","value":{"target":{"type":"Class","value":"com.wix.detox.espresso.DetoxMatcher"},"method":"matcherForSufficientlyVisible","args":[{"type":"Integer","value":75}]}}]},"messageId":5}
detox[94340] TRACE: [WSS_GET_FROM, #tester] {"type":"invoke","params":{"target":{"type":"Class","value":"com.wix.detox.espresso.DetoxAssertion"},"method":"assertMatcher","args":[{"type":"Invocation","value":{"target":{"type":"Class","value":"androidx.test.espresso.Espresso"},"method":"onView","args":[{"type":"Invocation","value":{"target":{"type":"Class","value":"com.wix.detox.espresso.DetoxMatcher"},"method":"matcherForTestId","args":["otherPage_title"]}}]}},{"type":"Invocation","value":{"target":{"type":"Class","value":"com.wix.detox.espresso.DetoxMatcher"},"method":"matcherForSufficientlyVisible","args":[{"type":"Integer","value":75}]}}]},"messageId":5}
detox[94340] TRACE: [WSS_SEND_TO, #app] {"type":"invoke","params":{"target":{"type":"Class","value":"com.wix.detox.espresso.DetoxAssertion"},"method":"assertMatcher","args":[{"type":"Invocation","value":{"target":{"type":"Class","value":"androidx.test.espresso.Espresso"},"method":"onView","args":[{"type":"Invocation","value":{"target":{"type":"Class","value":"com.wix.detox.espresso.DetoxMatcher"},"method":"matcherForTestId","args":["otherPage_title"]}}]}},{"type":"Invocation","value":{"target":{"type":"Class","value":"com.wix.detox.espresso.DetoxMatcher"},"method":"matcherForSufficientlyVisible","args":[{"type":"Integer","value":75}]}}]},"messageId":5}
detox[94340] TRACE: [WSS_GET_FROM, #app] {"messageId":5,"type":"invokeResult","params":{"result":null}}
detox[94340] TRACE: [WSS_SEND_TO, #tester] {"messageId":5,"type":"invokeResult","params":{"result":null}}
detox[94340] TRACE: [WS_MESSAGE] {"messageId":5,"type":"invokeResult","params":{"result":null}}
 
detox[94340] TRACE: [DETOX_AFTER_EACH] passed test: "Basic test should show the other page after tap"
detox[94340] TRACE: [ARTIFACTS_LIFECYCLE] artifactsManager.onTestDone({
  title: 'should show the other page after tap',
  fullName: 'Basic test should show the other page after tap',
  status: 'passed',
  invocations: 1,
  timedOut: false
})
detox[94340] TRACE: [ARTIFACT_STOP] stopping ADBLogcatRecording
detox[94340] TRACE: [ARTIFACT_STOP] stopping ADBVideoRecording
detox[94340] DEBUG: [EXEC_CMD, #42] "/Users/tsyirvo/Library/Android/sdk/platform-tools/adb" -s emulator-5554 shell "date +\"%m-%d %T.000\""
detox[94340] TRACE: [ARTIFACT_DISCARD] discarding ADBScreencapRecording
detox[94340] DEBUG: [EXEC_CMD, #43] "/Users/tsyirvo/Library/Android/sdk/platform-tools/adb" -s emulator-5554 shell "rm  \"/sdcard/205051738_5.png\""
detox[94340] TRACE: [SPAWN_KILL, #94414] sending SIGINT to: /Users/tsyirvo/Library/Android/sdk/platform-tools/adb -s emulator-5554 shell screenrecord /sdcard/205051738_6.mp4
detox[94340] DEBUG: [SPAWN_END, #94414] /Users/tsyirvo/Library/Android/sdk/platform-tools/adb -s emulator-5554 shell screenrecord /sdcard/205051738_6.mp4 terminated with SIGINT
detox[94340] TRACE: [EXEC_SUCCESS, #42] 11-25 20:50:57.000

detox[94340] TRACE: [SPAWN_KILL, #94412] sending SIGINT to: /Users/tsyirvo/Library/Android/sdk/platform-tools/adb -s emulator-5554 shell logcat -T "11-25 20:50:56.000" --pid=24123 -f /sdcard/205051738_4.log
detox[94340] DEBUG: [SPAWN_END, #94412] /Users/tsyirvo/Library/Android/sdk/platform-tools/adb -s emulator-5554 shell "logcat -T \"11-25 20:50:56.000\" --pid=24123 -f /sdcard/205051738_4.log" terminated with SIGINT
detox[94340] INFO:  [1m[37mBasic test: [39m[22m[90mshould show the other page after tap[39m[90m [[32mOK[90m][39m
detox[94340] INFO:  [1m[37mBasic test: [39m[22m[90mshould show home screen after tap[39m
detox[94340] TRACE: [DETOX_BEFORE_EACH] running test: "Basic test should show home screen after tap"
detox[94340] TRACE: [ARTIFACTS_LIFECYCLE] artifactsManager.onTestStart({
  title: 'should show home screen after tap',
  fullName: 'Basic test should show home screen after tap',
  status: 'running',
  invocations: 1
})
detox[94340] TRACE: [ARTIFACT_START] starting ADBLogcatRecording
detox[94340] DEBUG: [SPAWN_CMD, #94427] /Users/tsyirvo/Library/Android/sdk/platform-tools/adb -s emulator-5554 shell "logcat -T \"11-25 20:50:57.000\" --pid=24123 -f /sdcard/205051738_7.log"
detox[94340] TRACE: [ARTIFACT_START] starting ADBScreencapRecording
detox[94340] DEBUG: [EXEC_CMD, #44] "/Users/tsyirvo/Library/Android/sdk/platform-tools/adb" -s emulator-5554 shell "screencap /sdcard/205051738_8.png"
detox[94340] TRACE: [ARTIFACT_START] starting ADBVideoRecording
detox[94340] DEBUG: [SPAWN_CMD, #94429] /Users/tsyirvo/Library/Android/sdk/platform-tools/adb -s emulator-5554 shell screenrecord /sdcard/205051738_9.mp4
detox[94340] TRACE: [EXEC_SUCCESS, #43] 
detox[94340] TRACE: [ARTIFACT_DISCARD] discarding ADBVideoRecording
detox[94340] TRACE: [EXEC_SUCCESS, #44] 
detox[94340] TRACE: [ARTIFACT_STOP] stopping ADBScreencapRecording
detox[94340] DEBUG: [EXEC_CMD, #45] "/Users/tsyirvo/Library/Android/sdk/platform-tools/adb" -s emulator-5554 shell du /sdcard/205051738_7.log
detox[94340] DEBUG: [EXEC_CMD, #46] "/Users/tsyirvo/Library/Android/sdk/platform-tools/adb" -s emulator-5554 shell du /sdcard/205051738_9.mp4
detox[94340] TRACE: [EXEC_SUCCESS, #45] 8	/sdcard/205051738_7.log

detox[94340] TRACE: [EXEC_SUCCESS, #46] 28	/sdcard/205051738_9.mp4

detox[94340] TRACE: [WS_SEND] {"type":"invoke","params":{"target":{"type":"Class","value":"com.wix.detox.espresso.EspressoDetox"},"method":"perform","args":[{"type":"Invocation","value":{"target":{"type":"Class","value":"androidx.test.espresso.Espresso"},"method":"onView","args":[{"type":"Invocation","value":{"target":{"type":"Class","value":"com.wix.detox.espresso.DetoxMatcher"},"method":"matcherForTestId","args":["back_button"]}}]}},{"type":"Invocation","value":{"target":{"type":"Class","value":"com.wix.detox.espresso.DetoxViewActions"},"method":"click","args":[]}}]},"messageId":6}
detox[94340] TRACE: [WSS_GET_FROM, #tester] {"type":"invoke","params":{"target":{"type":"Class","value":"com.wix.detox.espresso.EspressoDetox"},"method":"perform","args":[{"type":"Invocation","value":{"target":{"type":"Class","value":"androidx.test.espresso.Espresso"},"method":"onView","args":[{"type":"Invocation","value":{"target":{"type":"Class","value":"com.wix.detox.espresso.DetoxMatcher"},"method":"matcherForTestId","args":["back_button"]}}]}},{"type":"Invocation","value":{"target":{"type":"Class","value":"com.wix.detox.espresso.DetoxViewActions"},"method":"click","args":[]}}]},"messageId":6}
detox[94340] TRACE: [WSS_SEND_TO, #app] {"type":"invoke","params":{"target":{"type":"Class","value":"com.wix.detox.espresso.EspressoDetox"},"method":"perform","args":[{"type":"Invocation","value":{"target":{"type":"Class","value":"androidx.test.espresso.Espresso"},"method":"onView","args":[{"type":"Invocation","value":{"target":{"type":"Class","value":"com.wix.detox.espresso.DetoxMatcher"},"method":"matcherForTestId","args":["back_button"]}}]}},{"type":"Invocation","value":{"target":{"type":"Class","value":"com.wix.detox.espresso.DetoxViewActions"},"method":"click","args":[]}}]},"messageId":6}
detox[94340] DEBUG: [EXEC_CMD, #47] "/Users/tsyirvo/Library/Android/sdk/platform-tools/adb" -s emulator-5554 shell du /sdcard/205051738_6.mp4
detox[94340] TRACE: [EXEC_SUCCESS, #47] 456	/sdcard/205051738_6.mp4

detox[94340] DEBUG: [EXEC_CMD, #48] "/Users/tsyirvo/Library/Android/sdk/platform-tools/adb" -s emulator-5554 shell "rm  \"/sdcard/205051738_6.mp4\""
detox[94340] TRACE: [EXEC_SUCCESS, #48] 
detox[94340] TRACE: [ARTIFACT_SAVE] saving ADBLogcatRecording to: artifacts/android.sim.release.2021-11-25 19-50-50Z/✓ Basic test should show the other page after tap/device.log
detox[94340] DEBUG: [EXEC_CMD, #49] "/Users/tsyirvo/Library/Android/sdk/platform-tools/adb" -s emulator-5554 pull "/sdcard/205051738_4.log" "artifacts/android.sim.release.2021-11-25 19-50-50Z/✓ Basic test should show the other page after tap/device.log"
detox[94340] TRACE: [EXEC_SUCCESS, #49] /sdcard/205051738_4.log: 1 file pulled, 0 skipped. 3.1 MB/s (7525 bytes in 0.002s)

detox[94340] DEBUG: [EXEC_CMD, #50] "/Users/tsyirvo/Library/Android/sdk/platform-tools/adb" -s emulator-5554 shell "rm  \"/sdcard/205051738_4.log\""
detox[94340] TRACE: [EXEC_SUCCESS, #50] 
detox[94340] TRACE: [WS_SEND] {"type":"currentStatus","params":{},"messageId":7}
detox[94340] TRACE: [WSS_GET_FROM, #tester] {"type":"currentStatus","params":{},"messageId":7}
detox[94340] TRACE: [WSS_SEND_TO, #app] {"type":"currentStatus","params":{},"messageId":7}
detox[94340] TRACE: [WSS_GET_FROM, #app] {"messageId":7,"type":"currentStatusResult","params":{"status":"App synchronization debug: \nThe app is busy, due to: \n\t - Animations running on screen"}}
detox[94340] TRACE: [WSS_SEND_TO, #tester] {"messageId":7,"type":"currentStatusResult","params":{"status":"App synchronization debug: \nThe app is busy, due to: \n\t - Animations running on screen"}}
detox[94340] TRACE: [WS_MESSAGE] {"messageId":7,"type":"currentStatusResult","params":{"status":"App synchronization debug: \nThe app is busy, due to: \n\t - Animations running on screen"}}
 
detox[94340] INFO:  [APP_STATUS] App synchronization debug: 
The app is busy, due to: 
	 - Animations running on screen
detox[94340] TRACE: [WSS_GET_FROM, #app] {"messageId":6,"type":"invokeResult","params":{"result":null}}
detox[94340] TRACE: [WSS_SEND_TO, #tester] {"messageId":6,"type":"invokeResult","params":{"result":null}}
detox[94340] TRACE: [WS_MESSAGE] {"messageId":6,"type":"invokeResult","params":{"result":null}}
 
detox[94340] TRACE: [WS_SEND] {"type":"invoke","params":{"target":{"type":"Class","value":"com.wix.detox.espresso.DetoxAssertion"},"method":"assertMatcher","args":[{"type":"Invocation","value":{"target":{"type":"Class","value":"androidx.test.espresso.Espresso"},"method":"onView","args":[{"type":"Invocation","value":{"target":{"type":"Class","value":"com.wix.detox.espresso.DetoxMatcher"},"method":"matcherForTestId","args":["home_title"]}}]}},{"type":"Invocation","value":{"target":{"type":"Class","value":"com.wix.detox.espresso.DetoxMatcher"},"method":"matcherForSufficientlyVisible","args":[{"type":"Integer","value":75}]}}]},"messageId":8}
detox[94340] TRACE: [WSS_GET_FROM, #tester] {"type":"invoke","params":{"target":{"type":"Class","value":"com.wix.detox.espresso.DetoxAssertion"},"method":"assertMatcher","args":[{"type":"Invocation","value":{"target":{"type":"Class","value":"androidx.test.espresso.Espresso"},"method":"onView","args":[{"type":"Invocation","value":{"target":{"type":"Class","value":"com.wix.detox.espresso.DetoxMatcher"},"method":"matcherForTestId","args":["home_title"]}}]}},{"type":"Invocation","value":{"target":{"type":"Class","value":"com.wix.detox.espresso.DetoxMatcher"},"method":"matcherForSufficientlyVisible","args":[{"type":"Integer","value":75}]}}]},"messageId":8}
detox[94340] TRACE: [WSS_SEND_TO, #app] {"type":"invoke","params":{"target":{"type":"Class","value":"com.wix.detox.espresso.DetoxAssertion"},"method":"assertMatcher","args":[{"type":"Invocation","value":{"target":{"type":"Class","value":"androidx.test.espresso.Espresso"},"method":"onView","args":[{"type":"Invocation","value":{"target":{"type":"Class","value":"com.wix.detox.espresso.DetoxMatcher"},"method":"matcherForTestId","args":["home_title"]}}]}},{"type":"Invocation","value":{"target":{"type":"Class","value":"com.wix.detox.espresso.DetoxMatcher"},"method":"matcherForSufficientlyVisible","args":[{"type":"Integer","value":75}]}}]},"messageId":8}
detox[94340] TRACE: [WSS_GET_FROM, #app] {"messageId":8,"type":"invokeResult","params":{"result":null}}
detox[94340] TRACE: [WSS_SEND_TO, #tester] {"messageId":8,"type":"invokeResult","params":{"result":null}}
detox[94340] TRACE: [WS_MESSAGE] {"messageId":8,"type":"invokeResult","params":{"result":null}}
 
detox[94340] TRACE: [DETOX_AFTER_EACH] passed test: "Basic test should show home screen after tap"
detox[94340] TRACE: [ARTIFACTS_LIFECYCLE] artifactsManager.onTestDone({
  title: 'should show home screen after tap',
  fullName: 'Basic test should show home screen after tap',
  status: 'passed',
  invocations: 1,
  timedOut: false
})
detox[94340] TRACE: [ARTIFACT_STOP] stopping ADBLogcatRecording
detox[94340] TRACE: [ARTIFACT_STOP] stopping ADBVideoRecording
detox[94340] DEBUG: [EXEC_CMD, #51] "/Users/tsyirvo/Library/Android/sdk/platform-tools/adb" -s emulator-5554 shell "date +\"%m-%d %T.000\""
detox[94340] TRACE: [ARTIFACT_DISCARD] discarding ADBScreencapRecording
detox[94340] DEBUG: [EXEC_CMD, #52] "/Users/tsyirvo/Library/Android/sdk/platform-tools/adb" -s emulator-5554 shell "rm  \"/sdcard/205051738_8.png\""
detox[94340] TRACE: [SPAWN_KILL, #94429] sending SIGINT to: /Users/tsyirvo/Library/Android/sdk/platform-tools/adb -s emulator-5554 shell screenrecord /sdcard/205051738_9.mp4
detox[94340] DEBUG: [SPAWN_END, #94429] /Users/tsyirvo/Library/Android/sdk/platform-tools/adb -s emulator-5554 shell screenrecord /sdcard/205051738_9.mp4 terminated with SIGINT
detox[94340] TRACE: [EXEC_SUCCESS, #51] 11-25 20:50:58.000

detox[94340] TRACE: [SPAWN_KILL, #94427] sending SIGINT to: /Users/tsyirvo/Library/Android/sdk/platform-tools/adb -s emulator-5554 shell logcat -T "11-25 20:50:57.000" --pid=24123 -f /sdcard/205051738_7.log
detox[94340] DEBUG: [SPAWN_END, #94427] /Users/tsyirvo/Library/Android/sdk/platform-tools/adb -s emulator-5554 shell "logcat -T \"11-25 20:50:57.000\" --pid=24123 -f /sdcard/205051738_7.log" terminated with SIGINT
detox[94340] INFO:  [1m[37mBasic test: [39m[22m[90mshould show home screen after tap[39m[90m [[32mOK[90m][39m
Basic test[94340] TRACE: [ARTIFACTS_LIFECYCLE] artifactsManager.onRunDescribeFinish({ name: 'Basic test' })
ROOT_DESCRIBE_BLOCK[94340] TRACE: [ARTIFACTS_LIFECYCLE] artifactsManager.onRunDescribeFinish({ name: 'ROOT_DESCRIBE_BLOCK' })
detox[94340] TRACE: [ARTIFACTS_LIFECYCLE] artifactsManager.onBeforeCleanup()
detox[94340] TRACE: [EXEC_SUCCESS, #52] 
detox[94340] TRACE: [ARTIFACT_DISCARD] discarding ADBVideoRecording
detox[94340] DEBUG: [EXEC_CMD, #53] "/Users/tsyirvo/Library/Android/sdk/platform-tools/adb" -s emulator-5554 shell du /sdcard/205051738_9.mp4
detox[94340] TRACE: [EXEC_SUCCESS, #53] 760	/sdcard/205051738_9.mp4

detox[94340] DEBUG: [EXEC_CMD, #54] "/Users/tsyirvo/Library/Android/sdk/platform-tools/adb" -s emulator-5554 shell "rm  \"/sdcard/205051738_9.mp4\""
detox[94340] TRACE: [EXEC_SUCCESS, #54] 
detox[94340] TRACE: [ARTIFACT_SAVE] saving ADBLogcatRecording to: artifacts/android.sim.release.2021-11-25 19-50-50Z/✓ Basic test should show home screen after tap/device.log
detox[94340] DEBUG: [EXEC_CMD, #55] "/Users/tsyirvo/Library/Android/sdk/platform-tools/adb" -s emulator-5554 pull "/sdcard/205051738_7.log" "artifacts/android.sim.release.2021-11-25 19-50-50Z/✓ Basic test should show home screen after tap/device.log"
detox[94340] TRACE: [EXEC_SUCCESS, #55] /sdcard/205051738_7.log: 1 file pulled, 0 skipped. 9.1 MB/s (9402 bytes in 0.001s)

detox[94340] DEBUG: [EXEC_CMD, #56] "/Users/tsyirvo/Library/Android/sdk/platform-tools/adb" -s emulator-5554 shell "rm  \"/sdcard/205051738_7.log\""
detox[94340] TRACE: [EXEC_SUCCESS, #56] 
detox[94340] TRACE: [ARTIFACT_START] starting FileArtifact
detox[94340] TRACE: [ARTIFACT_STOP] stopping FileArtifact
detox[94340] TRACE: [ARTIFACT_SAVE] saving FileArtifact to: artifacts/android.sim.release.2021-11-25 19-50-50Z/detox_pid_94340.json.log { append: true }
detox[94340] TRACE: [ARTIFACT_START] starting FileArtifact
detox[94340] TRACE: [ARTIFACT_STOP] stopping FileArtifact
detox[94340] TRACE: [ARTIFACT_SAVE] saving FileArtifact to: artifacts/android.sim.release.2021-11-25 19-50-50Z/detox_pid_94340.log { append: true }
detox[94340] DEBUG: [MOVE_FILE] moving "/private/var/folders/xh/w5q2zdmn22q9ygs777sbph980000gn/T/3561965f-595b-44fc-9f90-3c6743fceb9d.detox.log" to artifacts/android.sim.release.2021-11-25 19-50-50Z/detox_pid_94340.json.log
detox[94340] DEBUG: [MOVE_FILE] moving "/private/var/folders/xh/w5q2zdmn22q9ygs777sbph980000gn/T/c2feee8c-ae63-4756-822d-e6a6304de4ad.detox.log" to artifacts/android.sim.release.2021-11-25 19-50-50Z/detox_pid_94340.log
detox[94340] TRACE: [WS_SEND] {"type":"cleanup","params":{"stopRunner":true},"messageId":-49642}
detox[94340] TRACE: [WSS_GET_FROM, #tester] {"type":"cleanup","params":{"stopRunner":true},"messageId":-49642}
detox[94340] TRACE: [WSS_SEND_TO, #app] {"type":"cleanup","params":{"stopRunner":true},"messageId":-49642}
detox[94340] TRACE: [WSS_GET_FROM, #app] {"messageId":-49642,"type":"cleanupDone","params":{}}
detox[94340] TRACE: [WSS_SEND_TO, #tester] {"messageId":-49642,"type":"cleanupDone","params":{}}
detox[94340] TRACE: [WS_MESSAGE] {"messageId":-49642,"type":"cleanupDone","params":{}}
 
detox[94340] TRACE: [SPAWN_KILL, #94400] sending SIGINT to: /Users/tsyirvo/Library/Android/sdk/platform-tools/adb -s emulator-5554 shell am instrument -w -r -e detoxServer ws://localhost:63096 -e detoxSessionId 08dac924-6ad2-83c0-cc21-189b790a2431 -e debug false ninja.gab.rnStarter.staging.test/androidx.test.runner.AndroidJUnitRunner
detox[94340] TRACE: [SESSION_TORN] tester exited session 08dac924-6ad2-83c0-cc21-189b790a2431
detox[94340] TRACE: [WSS_SEND_TO, #app] {"type":"testerDisconnected","messageId":-1}
detox[94340] DEBUG: [SPAWN_END, #94400] /Users/tsyirvo/Library/Android/sdk/platform-tools/adb -s emulator-5554 shell am instrument -w -r -e detoxServer ws://localhost:63096 -e detoxSessionId 08dac924-6ad2-83c0-cc21-189b790a2431 -e debug false ninja.gab.rnStarter.staging.test/androidx.test.runner.AndroidJUnitRunner terminated with SIGINT
detox[94340] DEBUG: [EXEC_CMD, #57] "/Users/tsyirvo/Library/Android/sdk/platform-tools/adb" -s emulator-5554 reverse --remove tcp:63096
detox[94340] DEBUG: [WSS_CLOSE] Detox server has been closed gracefully
detox[94340] TRACE: [SESSION_TORN] app exited session 08dac924-6ad2-83c0-cc21-189b790a2431
detox[94340] TRACE: [EXEC_SUCCESS, #57] 
